2022-07-11 14:36:08,061 - text-only - INFO - --- Parameters are parsed for training ---
2022-07-11 14:36:08,306 - text-only - INFO -  Standard training starts: TextModel-labeling:TriplePrediction
2022-07-11 14:36:08,307 - text-only - INFO - TextModel(
  (loss): BCELoss()
  (sentence_embeddings_train): Embedding(206, 2304)
  (sentence_embeddings_test): Embedding(195, 2304)
  (sentence_embeddings_valid): Embedding(11, 2304)
  (sentence_classification_layer): Sequential(
    (0): Linear(in_features=2304, out_features=2560, bias=True)
    (1): BatchNorm1d(2560, eps=1e-05, momentum=0.1, affine=True, track_running_stats=True)
    (2): ReLU()
    (3): Dropout(p=0.5, inplace=False)
    (4): Linear(in_features=2560, out_features=2560, bias=True)
  )
  (final_classification_layer): Sequential(
    (0): Linear(in_features=2560, out_features=2560, bias=True)
    (1): BatchNorm1d(2560, eps=1e-05, momentum=0.1, affine=True, track_running_stats=True)
    (2): ReLU()
    (3): Dropout(p=0.5, inplace=False)
    (4): Linear(in_features=2560, out_features=1, bias=True)
  )
)
2022-07-11 14:39:19,677 - text-only - INFO - Evaluation of Train data: TriplePrediction
2022-07-11 14:39:19,677 - text-only - INFO - Num of triples 206
2022-07-11 14:39:19,705 - text-only - INFO - 0.5
2022-07-11 14:39:19,711 - text-only - INFO -               precision    recall  f1-score   support

           0       0.50      1.00      0.67       103
           1       0.00      0.00      0.00       103

    accuracy                           0.50       206
   macro avg       0.25      0.50      0.33       206
weighted avg       0.25      0.50      0.33       206

2022-07-11 14:39:19,711 - text-only - INFO - Evaluation of Test data: TriplePrediction
2022-07-11 14:39:19,711 - text-only - INFO - Num of triples 195
2022-07-11 14:39:19,738 - text-only - INFO - 0.5025641025641026
2022-07-11 14:39:19,744 - text-only - INFO -               precision    recall  f1-score   support

           0       0.50      1.00      0.67        98
           1       0.00      0.00      0.00        97

    accuracy                           0.50       195
   macro avg       0.25      0.50      0.33       195
weighted avg       0.25      0.50      0.34       195

2022-07-11 14:39:19,744 - text-only - INFO - --- Training is completed  ---
2022-07-11 14:39:19,744 - text-only - INFO - Store full model.
2022-07-11 14:39:19,848 - text-only - INFO - Stored data.
2022-07-11 14:39:19,848 - text-only - INFO - Total Runtime:3.196 minutes
