2022-07-11 14:33:25,418 - KGE-only - INFO - --- Parameters are parsed for training ---
2022-07-11 14:33:25,425 - KGE-only - INFO -  Standard training starts: KGEModel-labeling:TriplePrediction
2022-07-11 14:33:25,426 - KGE-only - INFO - KGEModel(
  (loss): BCELoss()
  (entity_embeddings): Embedding(250, 100)
  (relation_embeddings): Embedding(2, 100)
  (shallom): Sequential(
    (0): Linear(in_features=300, out_features=100, bias=True)
    (1): Dropout(p=0.5, inplace=False)
    (2): BatchNorm1d(100, eps=1e-05, momentum=0.1, affine=True, track_running_stats=True)
    (3): Dropout(p=0.5, inplace=False)
    (4): ReLU(inplace=True)
    (5): Dropout(p=0.5, inplace=False)
    (6): Linear(in_features=100, out_features=1, bias=True)
  )
)
2022-07-11 14:36:07,960 - KGE-only - INFO - Evaluation of Train data: TriplePrediction
2022-07-11 14:36:07,961 - KGE-only - INFO - Num of triples 206
2022-07-11 14:36:07,964 - KGE-only - INFO - 0.5679611650485437
2022-07-11 14:36:07,969 - KGE-only - INFO -               precision    recall  f1-score   support

           0       0.57      0.55      0.56       103
           1       0.57      0.58      0.57       103

    accuracy                           0.57       206
   macro avg       0.57      0.57      0.57       206
weighted avg       0.57      0.57      0.57       206

2022-07-11 14:36:07,969 - KGE-only - INFO - Evaluation of Test data: TriplePrediction
2022-07-11 14:36:07,969 - KGE-only - INFO - Num of triples 195
2022-07-11 14:36:07,971 - KGE-only - INFO - 0.5076923076923077
2022-07-11 14:36:07,976 - KGE-only - INFO -               precision    recall  f1-score   support

           0       0.51      0.49      0.50        98
           1       0.50      0.53      0.52        97

    accuracy                           0.51       195
   macro avg       0.51      0.51      0.51       195
weighted avg       0.51      0.51      0.51       195

2022-07-11 14:36:07,977 - KGE-only - INFO - --- Training is completed  ---
2022-07-11 14:36:07,977 - KGE-only - INFO - Store full model.
2022-07-11 14:36:07,991 - KGE-only - INFO - Stored data.
2022-07-11 14:36:07,992 - KGE-only - INFO - Total Runtime:2.710 minutes
