2022-07-09 13:58:56,441 - KGE-only - INFO - --- Parameters are parsed for training ---
2022-07-09 13:58:56,469 - KGE-only - INFO -  Standard training starts: KGEModel-labeling:TriplePrediction
2022-07-09 13:58:56,471 - KGE-only - INFO - KGEModel(
  (loss): BCELoss()
  (entity_embeddings): Embedding(1614, 100)
  (relation_embeddings): Embedding(8, 100)
  (shallom): Sequential(
    (0): Linear(in_features=300, out_features=100, bias=True)
    (1): Dropout(p=0.5, inplace=False)
    (2): BatchNorm1d(100, eps=1e-05, momentum=0.1, affine=True, track_running_stats=True)
    (3): Dropout(p=0.5, inplace=False)
    (4): ReLU(inplace=True)
    (5): Dropout(p=0.5, inplace=False)
    (6): Linear(in_features=100, out_features=1, bias=True)
  )
)
2022-07-09 14:02:17,166 - KGE-only - INFO - Evaluation of Train data: TriplePrediction
2022-07-09 14:02:17,167 - KGE-only - INFO - Num of triples 1061
2022-07-09 14:02:17,175 - KGE-only - INFO - 0.9189443920829407
2022-07-09 14:02:17,182 - KGE-only - INFO -               precision    recall  f1-score   support

           0       0.98      0.87      0.92       561
           1       0.87      0.98      0.92       500

    accuracy                           0.92      1061
   macro avg       0.92      0.92      0.92      1061
weighted avg       0.93      0.92      0.92      1061

2022-07-09 14:02:17,184 - KGE-only - INFO - Evaluation of Test data: TriplePrediction
2022-07-09 14:02:17,185 - KGE-only - INFO - Num of triples 979
2022-07-09 14:02:17,190 - KGE-only - INFO - 0.8723186925434117
2022-07-09 14:02:17,196 - KGE-only - INFO -               precision    recall  f1-score   support

           0       0.94      0.80      0.87       510
           1       0.82      0.95      0.88       469

    accuracy                           0.87       979
   macro avg       0.88      0.88      0.87       979
weighted avg       0.88      0.87      0.87       979

2022-07-09 14:02:17,198 - KGE-only - INFO - --- Training is completed  ---
2022-07-09 14:02:17,199 - KGE-only - INFO - Store full model.
2022-07-09 14:02:17,273 - KGE-only - INFO - Stored data.
2022-07-09 14:02:17,274 - KGE-only - INFO - Total Runtime:3.347 minutes
