2022-07-09 15:48:31,101 - KGE-path-Hybrid - INFO - --- Parameters are parsed for training ---
2022-07-09 15:48:31,314 - KGE-path-Hybrid - INFO -  Standard training starts: PathKGEHybridModel-labeling:TriplePrediction
2022-07-09 15:48:31,315 - KGE-path-Hybrid - INFO - PathKGEHybridModel(
  (loss): BCELoss()
  (entity_embeddings): Embedding(1519, 100)
  (relation_embeddings): Embedding(8, 100)
  (copaal_veracity_score_train): Embedding(1000, 1)
  (copaal_veracity_score_test): Embedding(935, 1)
  (copaal_veracity_score_valid): Embedding(50, 1)
  (kg_classification_layer): Sequential(
    (0): Linear(in_features=300, out_features=2560, bias=True)
    (1): BatchNorm1d(2560, eps=1e-05, momentum=0.1, affine=True, track_running_stats=True)
    (2): ReLU()
    (3): Dropout(p=0.5, inplace=False)
    (4): Linear(in_features=2560, out_features=2560, bias=True)
  )
  (path_classification_layer): Sequential(
    (0): Linear(in_features=1, out_features=2560, bias=True)
    (1): BatchNorm1d(2560, eps=1e-05, momentum=0.1, affine=True, track_running_stats=True)
    (2): ReLU()
    (3): Dropout(p=0.5, inplace=False)
    (4): Linear(in_features=2560, out_features=2560, bias=True)
  )
  (final_classification_layer): Sequential(
    (0): Linear(in_features=5120, out_features=2560, bias=True)
    (1): BatchNorm1d(2560, eps=1e-05, momentum=0.1, affine=True, track_running_stats=True)
    (2): ReLU()
    (3): Dropout(p=0.5, inplace=False)
    (4): Linear(in_features=2560, out_features=1, bias=True)
  )
)
2022-07-09 15:52:46,438 - KGE-path-Hybrid - INFO - Evaluation of Train data: TriplePrediction
2022-07-09 15:52:46,439 - KGE-path-Hybrid - INFO - Num of triples 1000
2022-07-09 15:52:46,565 - KGE-path-Hybrid - INFO - 0.899
2022-07-09 15:52:46,573 - KGE-path-Hybrid - INFO -               precision    recall  f1-score   support

           0       0.93      0.87      0.90       500
           1       0.87      0.93      0.90       500

    accuracy                           0.90      1000
   macro avg       0.90      0.90      0.90      1000
weighted avg       0.90      0.90      0.90      1000

2022-07-09 15:52:46,574 - KGE-path-Hybrid - INFO - Evaluation of Test data: TriplePrediction
2022-07-09 15:52:46,575 - KGE-path-Hybrid - INFO - Num of triples 935
2022-07-09 15:52:46,664 - KGE-path-Hybrid - INFO - 0.7240641711229947
2022-07-09 15:52:46,671 - KGE-path-Hybrid - INFO -               precision    recall  f1-score   support

           0       0.73      0.70      0.72       466
           1       0.72      0.74      0.73       469

    accuracy                           0.72       935
   macro avg       0.72      0.72      0.72       935
weighted avg       0.72      0.72      0.72       935

2022-07-09 15:52:46,672 - KGE-path-Hybrid - INFO - --- Training is completed  ---
2022-07-09 15:52:46,673 - KGE-path-Hybrid - INFO - Store full model.
2022-07-09 15:52:46,898 - KGE-path-Hybrid - INFO - Stored data.
2022-07-09 15:52:46,899 - KGE-path-Hybrid - INFO - Total Runtime:4.263 minutes
2022-07-09 15:52:48,667 - KGE-path-Hybrid - INFO - --- Parameters are parsed for training ---
2022-07-09 15:52:48,888 - KGE-path-Hybrid - INFO -  Standard training starts: PathKGEHybridModel-labeling:TriplePrediction
2022-07-09 15:52:48,889 - KGE-path-Hybrid - INFO - PathKGEHybridModel(
  (loss): BCELoss()
  (entity_embeddings): Embedding(1503, 100)
  (relation_embeddings): Embedding(8, 100)
  (copaal_veracity_score_train): Embedding(990, 1)
  (copaal_veracity_score_test): Embedding(939, 1)
  (copaal_veracity_score_valid): Embedding(50, 1)
  (kg_classification_layer): Sequential(
    (0): Linear(in_features=300, out_features=2560, bias=True)
    (1): BatchNorm1d(2560, eps=1e-05, momentum=0.1, affine=True, track_running_stats=True)
    (2): ReLU()
    (3): Dropout(p=0.5, inplace=False)
    (4): Linear(in_features=2560, out_features=2560, bias=True)
  )
  (path_classification_layer): Sequential(
    (0): Linear(in_features=1, out_features=2560, bias=True)
    (1): BatchNorm1d(2560, eps=1e-05, momentum=0.1, affine=True, track_running_stats=True)
    (2): ReLU()
    (3): Dropout(p=0.5, inplace=False)
    (4): Linear(in_features=2560, out_features=2560, bias=True)
  )
  (final_classification_layer): Sequential(
    (0): Linear(in_features=5120, out_features=2560, bias=True)
    (1): BatchNorm1d(2560, eps=1e-05, momentum=0.1, affine=True, track_running_stats=True)
    (2): ReLU()
    (3): Dropout(p=0.5, inplace=False)
    (4): Linear(in_features=2560, out_features=1, bias=True)
  )
)
2022-07-09 15:56:46,424 - KGE-path-Hybrid - INFO - Evaluation of Train data: TriplePrediction
2022-07-09 15:56:46,426 - KGE-path-Hybrid - INFO - Num of triples 990
2022-07-09 15:56:46,539 - KGE-path-Hybrid - INFO - 0.9272727272727272
2022-07-09 15:56:46,546 - KGE-path-Hybrid - INFO -               precision    recall  f1-score   support

           0       0.94      0.91      0.93       490
           1       0.92      0.94      0.93       500

    accuracy                           0.93       990
   macro avg       0.93      0.93      0.93       990
weighted avg       0.93      0.93      0.93       990

2022-07-09 15:56:46,547 - KGE-path-Hybrid - INFO - Evaluation of Test data: TriplePrediction
2022-07-09 15:56:46,548 - KGE-path-Hybrid - INFO - Num of triples 939
2022-07-09 15:56:46,636 - KGE-path-Hybrid - INFO - 0.7018104366347178
2022-07-09 15:56:46,643 - KGE-path-Hybrid - INFO -               precision    recall  f1-score   support

           0       0.70      0.71      0.70       470
           1       0.70      0.69      0.70       469

    accuracy                           0.70       939
   macro avg       0.70      0.70      0.70       939
weighted avg       0.70      0.70      0.70       939

2022-07-09 15:56:46,644 - KGE-path-Hybrid - INFO - --- Training is completed  ---
2022-07-09 15:56:46,645 - KGE-path-Hybrid - INFO - Store full model.
2022-07-09 15:56:46,876 - KGE-path-Hybrid - INFO - Stored data.
2022-07-09 15:56:46,877 - KGE-path-Hybrid - INFO - Total Runtime:3.970 minutes
2022-07-09 15:56:48,665 - KGE-path-Hybrid - INFO - --- Parameters are parsed for training ---
2022-07-09 15:56:48,879 - KGE-path-Hybrid - INFO -  Standard training starts: PathKGEHybridModel-labeling:TriplePrediction
2022-07-09 15:56:48,881 - KGE-path-Hybrid - INFO - PathKGEHybridModel(
  (loss): BCELoss()
  (entity_embeddings): Embedding(1584, 100)
  (relation_embeddings): Embedding(8, 100)
  (copaal_veracity_score_train): Embedding(1025, 1)
  (copaal_veracity_score_test): Embedding(972, 1)
  (copaal_veracity_score_valid): Embedding(52, 1)
  (kg_classification_layer): Sequential(
    (0): Linear(in_features=300, out_features=2560, bias=True)
    (1): BatchNorm1d(2560, eps=1e-05, momentum=0.1, affine=True, track_running_stats=True)
    (2): ReLU()
    (3): Dropout(p=0.5, inplace=False)
    (4): Linear(in_features=2560, out_features=2560, bias=True)
  )
  (path_classification_layer): Sequential(
    (0): Linear(in_features=1, out_features=2560, bias=True)
    (1): BatchNorm1d(2560, eps=1e-05, momentum=0.1, affine=True, track_running_stats=True)
    (2): ReLU()
    (3): Dropout(p=0.5, inplace=False)
    (4): Linear(in_features=2560, out_features=2560, bias=True)
  )
  (final_classification_layer): Sequential(
    (0): Linear(in_features=5120, out_features=2560, bias=True)
    (1): BatchNorm1d(2560, eps=1e-05, momentum=0.1, affine=True, track_running_stats=True)
    (2): ReLU()
    (3): Dropout(p=0.5, inplace=False)
    (4): Linear(in_features=2560, out_features=1, bias=True)
  )
)
2022-07-09 16:00:50,220 - KGE-path-Hybrid - INFO - Evaluation of Train data: TriplePrediction
2022-07-09 16:00:50,222 - KGE-path-Hybrid - INFO - Num of triples 1025
2022-07-09 16:00:50,341 - KGE-path-Hybrid - INFO - 0.8526829268292683
2022-07-09 16:00:50,348 - KGE-path-Hybrid - INFO -               precision    recall  f1-score   support

           0       0.96      0.74      0.84       525
           1       0.78      0.97      0.87       500

    accuracy                           0.85      1025
   macro avg       0.87      0.86      0.85      1025
weighted avg       0.87      0.85      0.85      1025

2022-07-09 16:00:50,349 - KGE-path-Hybrid - INFO - Evaluation of Test data: TriplePrediction
2022-07-09 16:00:50,350 - KGE-path-Hybrid - INFO - Num of triples 972
2022-07-09 16:00:50,440 - KGE-path-Hybrid - INFO - 0.7211934156378601
2022-07-09 16:00:50,447 - KGE-path-Hybrid - INFO -               precision    recall  f1-score   support

           0       0.78      0.64      0.70       503
           1       0.68      0.81      0.74       469

    accuracy                           0.72       972
   macro avg       0.73      0.72      0.72       972
weighted avg       0.73      0.72      0.72       972

2022-07-09 16:00:50,448 - KGE-path-Hybrid - INFO - --- Training is completed  ---
2022-07-09 16:00:50,449 - KGE-path-Hybrid - INFO - Store full model.
2022-07-09 16:00:50,678 - KGE-path-Hybrid - INFO - Stored data.
2022-07-09 16:00:50,679 - KGE-path-Hybrid - INFO - Total Runtime:4.034 minutes
2022-07-09 16:00:52,582 - KGE-path-Hybrid - INFO - --- Parameters are parsed for training ---
2022-07-09 16:00:52,795 - KGE-path-Hybrid - INFO -  Standard training starts: PathKGEHybridModel-labeling:TriplePrediction
2022-07-09 16:00:52,797 - KGE-path-Hybrid - INFO - PathKGEHybridModel(
  (loss): BCELoss()
  (entity_embeddings): Embedding(1614, 100)
  (relation_embeddings): Embedding(8, 100)
  (copaal_veracity_score_train): Embedding(1061, 1)
  (copaal_veracity_score_test): Embedding(979, 1)
  (copaal_veracity_score_valid): Embedding(52, 1)
  (kg_classification_layer): Sequential(
    (0): Linear(in_features=300, out_features=2560, bias=True)
    (1): BatchNorm1d(2560, eps=1e-05, momentum=0.1, affine=True, track_running_stats=True)
    (2): ReLU()
    (3): Dropout(p=0.5, inplace=False)
    (4): Linear(in_features=2560, out_features=2560, bias=True)
  )
  (path_classification_layer): Sequential(
    (0): Linear(in_features=1, out_features=2560, bias=True)
    (1): BatchNorm1d(2560, eps=1e-05, momentum=0.1, affine=True, track_running_stats=True)
    (2): ReLU()
    (3): Dropout(p=0.5, inplace=False)
    (4): Linear(in_features=2560, out_features=2560, bias=True)
  )
  (final_classification_layer): Sequential(
    (0): Linear(in_features=5120, out_features=2560, bias=True)
    (1): BatchNorm1d(2560, eps=1e-05, momentum=0.1, affine=True, track_running_stats=True)
    (2): ReLU()
    (3): Dropout(p=0.5, inplace=False)
    (4): Linear(in_features=2560, out_features=1, bias=True)
  )
)
2022-07-09 16:04:58,053 - KGE-path-Hybrid - INFO - Evaluation of Train data: TriplePrediction
2022-07-09 16:04:58,055 - KGE-path-Hybrid - INFO - Num of triples 1061
2022-07-09 16:04:58,191 - KGE-path-Hybrid - INFO - 0.9858623939679547
2022-07-09 16:04:58,198 - KGE-path-Hybrid - INFO -               precision    recall  f1-score   support

           0       0.99      0.99      0.99       561
           1       0.99      0.98      0.98       500

    accuracy                           0.99      1061
   macro avg       0.99      0.99      0.99      1061
weighted avg       0.99      0.99      0.99      1061

2022-07-09 16:04:58,199 - KGE-path-Hybrid - INFO - Evaluation of Test data: TriplePrediction
2022-07-09 16:04:58,200 - KGE-path-Hybrid - INFO - Num of triples 979
2022-07-09 16:04:58,301 - KGE-path-Hybrid - INFO - 0.8886618998978549
2022-07-09 16:04:58,307 - KGE-path-Hybrid - INFO -               precision    recall  f1-score   support

           0       0.91      0.87      0.89       510
           1       0.87      0.90      0.89       469

    accuracy                           0.89       979
   macro avg       0.89      0.89      0.89       979
weighted avg       0.89      0.89      0.89       979

2022-07-09 16:04:58,309 - KGE-path-Hybrid - INFO - --- Training is completed  ---
2022-07-09 16:04:58,309 - KGE-path-Hybrid - INFO - Store full model.
2022-07-09 16:04:58,547 - KGE-path-Hybrid - INFO - Stored data.
2022-07-09 16:04:58,548 - KGE-path-Hybrid - INFO - Total Runtime:4.099 minutes
