2022-07-09 15:35:46,750 - text-path-Hybrid - INFO - --- Parameters are parsed for training ---
2022-07-09 15:35:47,525 - text-path-Hybrid - INFO -  Standard training starts: TextPathHybridModel-labeling:TriplePrediction
2022-07-09 15:35:47,527 - text-path-Hybrid - INFO - TextPathHybridModel(
  (loss): BCELoss()
  (entity_embeddings): Embedding(1614, 100)
  (relation_embeddings): Embedding(8, 100)
  (sentence_embeddings_train): Embedding(1061, 2304)
  (sentence_embeddings_test): Embedding(979, 2304)
  (sentence_embeddings_valid): Embedding(52, 2304)
  (copaal_veracity_score_train): Embedding(1061, 1)
  (copaal_veracity_score_test): Embedding(979, 1)
  (copaal_veracity_score_valid): Embedding(52, 1)
  (sentence_classification_layer): Sequential(
    (0): Linear(in_features=2304, out_features=2560, bias=True)
    (1): BatchNorm1d(2560, eps=1e-05, momentum=0.1, affine=True, track_running_stats=True)
    (2): ReLU()
    (3): Dropout(p=0.5, inplace=False)
    (4): Linear(in_features=2560, out_features=2560, bias=True)
  )
  (path_classification_layer): Sequential(
    (0): Linear(in_features=1, out_features=2560, bias=True)
    (1): BatchNorm1d(2560, eps=1e-05, momentum=0.1, affine=True, track_running_stats=True)
    (2): ReLU()
    (3): Dropout(p=0.5, inplace=False)
    (4): Linear(in_features=2560, out_features=2560, bias=True)
  )
  (final_classification_layer): Sequential(
    (0): Linear(in_features=5120, out_features=2560, bias=True)
    (1): BatchNorm1d(2560, eps=1e-05, momentum=0.1, affine=True, track_running_stats=True)
    (2): ReLU()
    (3): Dropout(p=0.5, inplace=False)
    (4): Linear(in_features=2560, out_features=1, bias=True)
  )
)
2022-07-09 15:40:28,101 - text-path-Hybrid - INFO - Evaluation of Train data: TriplePrediction
2022-07-09 15:40:28,103 - text-path-Hybrid - INFO - Num of triples 1061
2022-07-09 15:40:28,274 - text-path-Hybrid - INFO - 0.8284637134778511
2022-07-09 15:40:28,282 - text-path-Hybrid - INFO -               precision    recall  f1-score   support

           0       0.76      0.98      0.86       561
           1       0.96      0.66      0.78       500

    accuracy                           0.83      1061
   macro avg       0.86      0.82      0.82      1061
weighted avg       0.86      0.83      0.82      1061

2022-07-09 15:40:28,283 - text-path-Hybrid - INFO - Evaluation of Test data: TriplePrediction
2022-07-09 15:40:28,284 - text-path-Hybrid - INFO - Num of triples 979
2022-07-09 15:40:28,403 - text-path-Hybrid - INFO - 0.7885597548518897
2022-07-09 15:40:28,410 - text-path-Hybrid - INFO -               precision    recall  f1-score   support

           0       0.74      0.92      0.82       510
           1       0.89      0.64      0.74       469

    accuracy                           0.79       979
   macro avg       0.81      0.78      0.78       979
weighted avg       0.81      0.79      0.78       979

2022-07-09 15:40:28,412 - text-path-Hybrid - INFO - --- Training is completed  ---
2022-07-09 15:40:28,412 - text-path-Hybrid - INFO - Store full model.
2022-07-09 15:40:28,649 - text-path-Hybrid - INFO - Stored data.
2022-07-09 15:40:28,650 - text-path-Hybrid - INFO - Total Runtime:4.698 minutes
