2022-07-09 15:05:24,608 - text-KGE-Hybrid - INFO - --- Parameters are parsed for training ---
2022-07-09 15:05:25,396 - text-KGE-Hybrid - INFO -  Standard training starts: TextKGEHybridModel-labeling:TriplePrediction
2022-07-09 15:05:25,455 - text-KGE-Hybrid - INFO - TextKGEHybridModel(
  (loss): BCELoss()
  (entity_embeddings): Embedding(1584, 100)
  (relation_embeddings): Embedding(8, 100)
  (sentence_embeddings_train): Embedding(1025, 2304)
  (sentence_embeddings_test): Embedding(972, 2304)
  (sentence_embeddings_valid): Embedding(52, 2304)
  (kg_classification_layer): Sequential(
    (0): Linear(in_features=300, out_features=2560, bias=True)
    (1): BatchNorm1d(2560, eps=1e-05, momentum=0.1, affine=True, track_running_stats=True)
    (2): ReLU()
    (3): Dropout(p=0.5, inplace=False)
    (4): Linear(in_features=2560, out_features=2560, bias=True)
  )
  (sentence_classification_layer): Sequential(
    (0): Linear(in_features=2304, out_features=2560, bias=True)
    (1): BatchNorm1d(2560, eps=1e-05, momentum=0.1, affine=True, track_running_stats=True)
    (2): ReLU()
    (3): Dropout(p=0.5, inplace=False)
    (4): Linear(in_features=2560, out_features=2560, bias=True)
  )
  (final_classification_layer): Sequential(
    (0): Linear(in_features=5120, out_features=2560, bias=True)
    (1): BatchNorm1d(2560, eps=1e-05, momentum=0.1, affine=True, track_running_stats=True)
    (2): ReLU()
    (3): Dropout(p=0.5, inplace=False)
    (4): Linear(in_features=2560, out_features=1, bias=True)
  )
)
2022-07-09 15:09:29,584 - text-KGE-Hybrid - INFO - Evaluation of Train data: TriplePrediction
2022-07-09 15:09:29,586 - text-KGE-Hybrid - INFO - Num of triples 1025
2022-07-09 15:09:29,752 - text-KGE-Hybrid - INFO - 0.8673170731707317
2022-07-09 15:09:29,760 - text-KGE-Hybrid - INFO -               precision    recall  f1-score   support

           0       0.85      0.90      0.87       525
           1       0.89      0.83      0.86       500

    accuracy                           0.87      1025
   macro avg       0.87      0.87      0.87      1025
weighted avg       0.87      0.87      0.87      1025

2022-07-09 15:09:29,761 - text-KGE-Hybrid - INFO - Evaluation of Test data: TriplePrediction
2022-07-09 15:09:29,762 - text-KGE-Hybrid - INFO - Num of triples 972
2022-07-09 15:09:29,886 - text-KGE-Hybrid - INFO - 0.7232510288065843
2022-07-09 15:09:29,894 - text-KGE-Hybrid - INFO -               precision    recall  f1-score   support

           0       0.73      0.74      0.74       503
           1       0.72      0.70      0.71       469

    accuracy                           0.72       972
   macro avg       0.72      0.72      0.72       972
weighted avg       0.72      0.72      0.72       972

2022-07-09 15:09:29,895 - text-KGE-Hybrid - INFO - --- Training is completed  ---
2022-07-09 15:09:29,896 - text-KGE-Hybrid - INFO - Store full model.
2022-07-09 15:09:30,148 - text-KGE-Hybrid - INFO - Stored data.
2022-07-09 15:09:30,149 - text-KGE-Hybrid - INFO - Total Runtime:4.092 minutes
2022-07-09 15:09:32,099 - text-KGE-Hybrid - INFO - --- Parameters are parsed for training ---
2022-07-09 15:09:32,875 - text-KGE-Hybrid - INFO -  Standard training starts: TextKGEHybridModel-labeling:TriplePrediction
2022-07-09 15:09:32,876 - text-KGE-Hybrid - INFO - TextKGEHybridModel(
  (loss): BCELoss()
  (entity_embeddings): Embedding(1614, 100)
  (relation_embeddings): Embedding(8, 100)
  (sentence_embeddings_train): Embedding(1061, 2304)
  (sentence_embeddings_test): Embedding(979, 2304)
  (sentence_embeddings_valid): Embedding(52, 2304)
  (kg_classification_layer): Sequential(
    (0): Linear(in_features=300, out_features=2560, bias=True)
    (1): BatchNorm1d(2560, eps=1e-05, momentum=0.1, affine=True, track_running_stats=True)
    (2): ReLU()
    (3): Dropout(p=0.5, inplace=False)
    (4): Linear(in_features=2560, out_features=2560, bias=True)
  )
  (sentence_classification_layer): Sequential(
    (0): Linear(in_features=2304, out_features=2560, bias=True)
    (1): BatchNorm1d(2560, eps=1e-05, momentum=0.1, affine=True, track_running_stats=True)
    (2): ReLU()
    (3): Dropout(p=0.5, inplace=False)
    (4): Linear(in_features=2560, out_features=2560, bias=True)
  )
  (final_classification_layer): Sequential(
    (0): Linear(in_features=5120, out_features=2560, bias=True)
    (1): BatchNorm1d(2560, eps=1e-05, momentum=0.1, affine=True, track_running_stats=True)
    (2): ReLU()
    (3): Dropout(p=0.5, inplace=False)
    (4): Linear(in_features=2560, out_features=1, bias=True)
  )
)
2022-07-09 15:14:08,400 - text-KGE-Hybrid - INFO - Evaluation of Train data: TriplePrediction
2022-07-09 15:14:08,402 - text-KGE-Hybrid - INFO - Num of triples 1061
2022-07-09 15:14:08,584 - text-KGE-Hybrid - INFO - 0.9896324222431668
2022-07-09 15:14:08,591 - text-KGE-Hybrid - INFO -               precision    recall  f1-score   support

           0       0.99      0.99      0.99       561
           1       0.98      0.99      0.99       500

    accuracy                           0.99      1061
   macro avg       0.99      0.99      0.99      1061
weighted avg       0.99      0.99      0.99      1061

2022-07-09 15:14:08,593 - text-KGE-Hybrid - INFO - Evaluation of Test data: TriplePrediction
2022-07-09 15:14:08,593 - text-KGE-Hybrid - INFO - Num of triples 979
2022-07-09 15:14:08,719 - text-KGE-Hybrid - INFO - 0.9193054136874361
2022-07-09 15:14:08,726 - text-KGE-Hybrid - INFO -               precision    recall  f1-score   support

           0       0.94      0.90      0.92       510
           1       0.90      0.94      0.92       469

    accuracy                           0.92       979
   macro avg       0.92      0.92      0.92       979
weighted avg       0.92      0.92      0.92       979

2022-07-09 15:14:08,728 - text-KGE-Hybrid - INFO - --- Training is completed  ---
2022-07-09 15:14:08,728 - text-KGE-Hybrid - INFO - Store full model.
2022-07-09 15:14:08,973 - text-KGE-Hybrid - INFO - Stored data.
2022-07-09 15:14:08,974 - text-KGE-Hybrid - INFO - Total Runtime:4.615 minutes
