2022-07-11 14:39:20,000 - path-only - INFO - --- Parameters are parsed for training ---
2022-07-11 14:39:20,092 - path-only - INFO -  Standard training starts: PathModel-labeling:TriplePrediction
2022-07-11 14:39:20,093 - path-only - INFO - PathModel(
  (loss): BCELoss()
  (copaal_veracity_score_train): Embedding(206, 1)
  (copaal_veracity_score_test): Embedding(195, 1)
  (copaal_veracity_score_valid): Embedding(11, 1)
  (path_classification_layer): Sequential(
    (0): Linear(in_features=1, out_features=2560, bias=True)
    (1): BatchNorm1d(2560, eps=1e-05, momentum=0.1, affine=True, track_running_stats=True)
    (2): ReLU()
    (3): Dropout(p=0.5, inplace=False)
    (4): Linear(in_features=2560, out_features=2560, bias=True)
  )
  (final_classification_layer): Sequential(
    (0): Linear(in_features=2560, out_features=2560, bias=True)
    (1): BatchNorm1d(2560, eps=1e-05, momentum=0.1, affine=True, track_running_stats=True)
    (2): ReLU()
    (3): Dropout(p=0.5, inplace=False)
    (4): Linear(in_features=2560, out_features=1, bias=True)
  )
)
2022-07-11 14:42:18,734 - path-only - INFO - Evaluation of Train data: TriplePrediction
2022-07-11 14:42:18,735 - path-only - INFO - Num of triples 206
2022-07-11 14:42:18,752 - path-only - INFO - 0.6407766990291263
2022-07-11 14:42:18,757 - path-only - INFO -               precision    recall  f1-score   support

           0       0.63      0.69      0.66       103
           1       0.66      0.59      0.62       103

    accuracy                           0.64       206
   macro avg       0.64      0.64      0.64       206
weighted avg       0.64      0.64      0.64       206

2022-07-11 14:42:18,758 - path-only - INFO - Evaluation of Test data: TriplePrediction
2022-07-11 14:42:18,758 - path-only - INFO - Num of triples 195
2022-07-11 14:42:18,771 - path-only - INFO - 0.6256410256410256
2022-07-11 14:42:18,777 - path-only - INFO -               precision    recall  f1-score   support

           0       0.62      0.65      0.64        98
           1       0.63      0.60      0.61        97

    accuracy                           0.63       195
   macro avg       0.63      0.63      0.63       195
weighted avg       0.63      0.63      0.63       195

2022-07-11 14:42:18,777 - path-only - INFO - --- Training is completed  ---
2022-07-11 14:42:18,777 - path-only - INFO - Store full model.
2022-07-11 14:42:18,858 - path-only - INFO - Stored data.
2022-07-11 14:42:18,858 - path-only - INFO - Total Runtime:2.981 minutes
