2022-07-11 14:13:58,008 - text-KGE-Hybrid - INFO - --- Parameters are parsed for training ---
2022-07-11 14:13:58,366 - text-KGE-Hybrid - INFO -  Standard training starts: TextKGEHybridModel-labeling:TriplePrediction
2022-07-11 14:13:58,366 - text-KGE-Hybrid - INFO - TextKGEHybridModel(
  (loss): BCELoss()
  (entity_embeddings): Embedding(250, 100)
  (relation_embeddings): Embedding(2, 100)
  (sentence_embeddings_train): Embedding(206, 2304)
  (sentence_embeddings_test): Embedding(195, 2304)
  (sentence_embeddings_valid): Embedding(11, 2304)
  (kg_classification_layer): Sequential(
    (0): Linear(in_features=300, out_features=2560, bias=True)
    (1): BatchNorm1d(2560, eps=1e-05, momentum=0.1, affine=True, track_running_stats=True)
    (2): ReLU()
    (3): Dropout(p=0.5, inplace=False)
    (4): Linear(in_features=2560, out_features=2560, bias=True)
  )
  (sentence_classification_layer): Sequential(
    (0): Linear(in_features=2304, out_features=2560, bias=True)
    (1): BatchNorm1d(2560, eps=1e-05, momentum=0.1, affine=True, track_running_stats=True)
    (2): ReLU()
    (3): Dropout(p=0.5, inplace=False)
    (4): Linear(in_features=2560, out_features=2560, bias=True)
  )
  (final_classification_layer): Sequential(
    (0): Linear(in_features=5120, out_features=2560, bias=True)
    (1): BatchNorm1d(2560, eps=1e-05, momentum=0.1, affine=True, track_running_stats=True)
    (2): ReLU()
    (3): Dropout(p=0.5, inplace=False)
    (4): Linear(in_features=2560, out_features=1, bias=True)
  )
)
2022-07-11 14:14:06,939 - text-KGE-Hybrid - INFO - Evaluation of Train data: TriplePrediction
2022-07-11 14:14:06,939 - text-KGE-Hybrid - INFO - Num of triples 206
2022-07-11 14:14:06,994 - text-KGE-Hybrid - INFO - 0.7475728155339806
2022-07-11 14:14:06,999 - text-KGE-Hybrid - INFO -               precision    recall  f1-score   support

           0       0.68      0.95      0.79       103
           1       0.92      0.54      0.68       103

    accuracy                           0.75       206
   macro avg       0.80      0.75      0.74       206
weighted avg       0.80      0.75      0.74       206

2022-07-11 14:14:07,000 - text-KGE-Hybrid - INFO - Evaluation of Test data: TriplePrediction
2022-07-11 14:14:07,000 - text-KGE-Hybrid - INFO - Num of triples 195
2022-07-11 14:14:07,039 - text-KGE-Hybrid - INFO - 0.5641025641025641
2022-07-11 14:14:07,045 - text-KGE-Hybrid - INFO -               precision    recall  f1-score   support

           0       0.55      0.78      0.64        98
           1       0.61      0.35      0.44        97

    accuracy                           0.56       195
   macro avg       0.58      0.56      0.54       195
weighted avg       0.58      0.56      0.54       195

2022-07-11 14:14:07,045 - text-KGE-Hybrid - INFO - --- Training is completed  ---
2022-07-11 14:14:07,045 - text-KGE-Hybrid - INFO - Store full model.
2022-07-11 14:14:07,229 - text-KGE-Hybrid - INFO - Stored data.
2022-07-11 14:14:07,230 - text-KGE-Hybrid - INFO - Total Runtime:0.154 minutes
2022-07-11 14:15:37,475 - text-KGE-Hybrid - INFO - --- Parameters are parsed for training ---
2022-07-11 14:15:37,831 - text-KGE-Hybrid - INFO -  Standard training starts: TextKGEHybridModel-labeling:TriplePrediction
2022-07-11 14:15:37,831 - text-KGE-Hybrid - INFO - TextKGEHybridModel(
  (loss): BCELoss()
  (entity_embeddings): Embedding(250, 100)
  (relation_embeddings): Embedding(2, 100)
  (sentence_embeddings_train): Embedding(206, 2304)
  (sentence_embeddings_test): Embedding(195, 2304)
  (sentence_embeddings_valid): Embedding(11, 2304)
  (kg_classification_layer): Sequential(
    (0): Linear(in_features=300, out_features=2560, bias=True)
    (1): BatchNorm1d(2560, eps=1e-05, momentum=0.1, affine=True, track_running_stats=True)
    (2): ReLU()
    (3): Dropout(p=0.5, inplace=False)
    (4): Linear(in_features=2560, out_features=2560, bias=True)
  )
  (sentence_classification_layer): Sequential(
    (0): Linear(in_features=2304, out_features=2560, bias=True)
    (1): BatchNorm1d(2560, eps=1e-05, momentum=0.1, affine=True, track_running_stats=True)
    (2): ReLU()
    (3): Dropout(p=0.5, inplace=False)
    (4): Linear(in_features=2560, out_features=2560, bias=True)
  )
  (final_classification_layer): Sequential(
    (0): Linear(in_features=5120, out_features=2560, bias=True)
    (1): BatchNorm1d(2560, eps=1e-05, momentum=0.1, affine=True, track_running_stats=True)
    (2): ReLU()
    (3): Dropout(p=0.5, inplace=False)
    (4): Linear(in_features=2560, out_features=1, bias=True)
  )
)
2022-07-11 14:15:58,253 - text-KGE-Hybrid - INFO - Evaluation of Train data: TriplePrediction
2022-07-11 14:15:58,254 - text-KGE-Hybrid - INFO - Num of triples 206
2022-07-11 14:15:58,309 - text-KGE-Hybrid - INFO - 0.883495145631068
2022-07-11 14:15:58,315 - text-KGE-Hybrid - INFO -               precision    recall  f1-score   support

           0       0.93      0.83      0.88       103
           1       0.84      0.94      0.89       103

    accuracy                           0.88       206
   macro avg       0.89      0.88      0.88       206
weighted avg       0.89      0.88      0.88       206

2022-07-11 14:15:58,316 - text-KGE-Hybrid - INFO - Evaluation of Test data: TriplePrediction
2022-07-11 14:15:58,316 - text-KGE-Hybrid - INFO - Num of triples 195
2022-07-11 14:15:58,356 - text-KGE-Hybrid - INFO - 0.5641025641025641
2022-07-11 14:15:58,362 - text-KGE-Hybrid - INFO -               precision    recall  f1-score   support

           0       0.58      0.47      0.52        98
           1       0.55      0.66      0.60        97

    accuracy                           0.56       195
   macro avg       0.57      0.56      0.56       195
weighted avg       0.57      0.56      0.56       195

2022-07-11 14:15:58,362 - text-KGE-Hybrid - INFO - --- Training is completed  ---
2022-07-11 14:15:58,363 - text-KGE-Hybrid - INFO - Store full model.
2022-07-11 14:15:58,575 - text-KGE-Hybrid - INFO - Stored data.
2022-07-11 14:15:58,575 - text-KGE-Hybrid - INFO - Total Runtime:0.352 minutes
2022-07-11 14:19:10,721 - text-KGE-Hybrid - INFO - --- Parameters are parsed for training ---
2022-07-11 14:19:11,063 - text-KGE-Hybrid - INFO -  Standard training starts: TextKGEHybridModel-labeling:TriplePrediction
2022-07-11 14:19:11,063 - text-KGE-Hybrid - INFO - TextKGEHybridModel(
  (loss): BCELoss()
  (entity_embeddings): Embedding(250, 100)
  (relation_embeddings): Embedding(2, 100)
  (sentence_embeddings_train): Embedding(206, 2304)
  (sentence_embeddings_test): Embedding(195, 2304)
  (sentence_embeddings_valid): Embedding(11, 2304)
  (kg_classification_layer): Sequential(
    (0): Linear(in_features=300, out_features=2560, bias=True)
    (1): BatchNorm1d(2560, eps=1e-05, momentum=0.1, affine=True, track_running_stats=True)
    (2): ReLU()
    (3): Dropout(p=0.5, inplace=False)
    (4): Linear(in_features=2560, out_features=2560, bias=True)
  )
  (sentence_classification_layer): Sequential(
    (0): Linear(in_features=2304, out_features=2560, bias=True)
    (1): BatchNorm1d(2560, eps=1e-05, momentum=0.1, affine=True, track_running_stats=True)
    (2): ReLU()
    (3): Dropout(p=0.5, inplace=False)
    (4): Linear(in_features=2560, out_features=2560, bias=True)
  )
  (final_classification_layer): Sequential(
    (0): Linear(in_features=5120, out_features=2560, bias=True)
    (1): BatchNorm1d(2560, eps=1e-05, momentum=0.1, affine=True, track_running_stats=True)
    (2): ReLU()
    (3): Dropout(p=0.5, inplace=False)
    (4): Linear(in_features=2560, out_features=1, bias=True)
  )
)
2022-07-11 14:19:50,229 - text-KGE-Hybrid - INFO - Evaluation of Train data: TriplePrediction
2022-07-11 14:19:50,229 - text-KGE-Hybrid - INFO - Num of triples 206
2022-07-11 14:19:50,298 - text-KGE-Hybrid - INFO - 0.9223300970873787
2022-07-11 14:19:50,304 - text-KGE-Hybrid - INFO -               precision    recall  f1-score   support

           0       0.92      0.92      0.92       103
           1       0.92      0.92      0.92       103

    accuracy                           0.92       206
   macro avg       0.92      0.92      0.92       206
weighted avg       0.92      0.92      0.92       206

2022-07-11 14:19:50,304 - text-KGE-Hybrid - INFO - Evaluation of Test data: TriplePrediction
2022-07-11 14:19:50,304 - text-KGE-Hybrid - INFO - Num of triples 195
2022-07-11 14:19:50,339 - text-KGE-Hybrid - INFO - 0.6
2022-07-11 14:19:50,344 - text-KGE-Hybrid - INFO -               precision    recall  f1-score   support

           0       0.60      0.62      0.61        98
           1       0.60      0.58      0.59        97

    accuracy                           0.60       195
   macro avg       0.60      0.60      0.60       195
weighted avg       0.60      0.60      0.60       195

2022-07-11 14:19:50,344 - text-KGE-Hybrid - INFO - --- Training is completed  ---
2022-07-11 14:19:50,345 - text-KGE-Hybrid - INFO - Store full model.
2022-07-11 14:19:50,516 - text-KGE-Hybrid - INFO - Stored data.
2022-07-11 14:19:50,516 - text-KGE-Hybrid - INFO - Total Runtime:0.663 minutes
2022-07-11 14:25:58,974 - text-KGE-Hybrid - INFO - --- Parameters are parsed for training ---
2022-07-11 14:25:59,309 - text-KGE-Hybrid - INFO -  Standard training starts: TextKGEHybridModel-labeling:TriplePrediction
2022-07-11 14:25:59,309 - text-KGE-Hybrid - INFO - TextKGEHybridModel(
  (loss): BCELoss()
  (entity_embeddings): Embedding(250, 100)
  (relation_embeddings): Embedding(2, 100)
  (sentence_embeddings_train): Embedding(206, 2304)
  (sentence_embeddings_test): Embedding(195, 2304)
  (sentence_embeddings_valid): Embedding(11, 2304)
  (kg_classification_layer): Sequential(
    (0): Linear(in_features=300, out_features=2560, bias=True)
    (1): BatchNorm1d(2560, eps=1e-05, momentum=0.1, affine=True, track_running_stats=True)
    (2): ReLU()
    (3): Dropout(p=0.5, inplace=False)
    (4): Linear(in_features=2560, out_features=2560, bias=True)
  )
  (sentence_classification_layer): Sequential(
    (0): Linear(in_features=2304, out_features=2560, bias=True)
    (1): BatchNorm1d(2560, eps=1e-05, momentum=0.1, affine=True, track_running_stats=True)
    (2): ReLU()
    (3): Dropout(p=0.5, inplace=False)
    (4): Linear(in_features=2560, out_features=2560, bias=True)
  )
  (final_classification_layer): Sequential(
    (0): Linear(in_features=5120, out_features=2560, bias=True)
    (1): BatchNorm1d(2560, eps=1e-05, momentum=0.1, affine=True, track_running_stats=True)
    (2): ReLU()
    (3): Dropout(p=0.5, inplace=False)
    (4): Linear(in_features=2560, out_features=1, bias=True)
  )
)
2022-07-11 14:27:17,360 - text-KGE-Hybrid - INFO - Evaluation of Train data: TriplePrediction
2022-07-11 14:27:17,360 - text-KGE-Hybrid - INFO - Num of triples 206
2022-07-11 14:27:17,417 - text-KGE-Hybrid - INFO - 0.9902912621359223
2022-07-11 14:27:17,422 - text-KGE-Hybrid - INFO -               precision    recall  f1-score   support

           0       0.99      0.99      0.99       103
           1       0.99      0.99      0.99       103

    accuracy                           0.99       206
   macro avg       0.99      0.99      0.99       206
weighted avg       0.99      0.99      0.99       206

2022-07-11 14:27:17,423 - text-KGE-Hybrid - INFO - Evaluation of Test data: TriplePrediction
2022-07-11 14:27:17,423 - text-KGE-Hybrid - INFO - Num of triples 195
2022-07-11 14:27:17,464 - text-KGE-Hybrid - INFO - 0.5846153846153846
2022-07-11 14:27:17,470 - text-KGE-Hybrid - INFO -               precision    recall  f1-score   support

           0       0.59      0.57      0.58        98
           1       0.58      0.60      0.59        97

    accuracy                           0.58       195
   macro avg       0.58      0.58      0.58       195
weighted avg       0.58      0.58      0.58       195

2022-07-11 14:27:17,470 - text-KGE-Hybrid - INFO - --- Training is completed  ---
2022-07-11 14:27:17,470 - text-KGE-Hybrid - INFO - Store full model.
2022-07-11 14:27:17,657 - text-KGE-Hybrid - INFO - Stored data.
2022-07-11 14:27:17,657 - text-KGE-Hybrid - INFO - Total Runtime:1.311 minutes
2022-07-11 14:42:18,998 - text-KGE-Hybrid - INFO - --- Parameters are parsed for training ---
2022-07-11 14:42:19,335 - text-KGE-Hybrid - INFO -  Standard training starts: TextKGEHybridModel-labeling:TriplePrediction
2022-07-11 14:42:19,336 - text-KGE-Hybrid - INFO - TextKGEHybridModel(
  (loss): BCELoss()
  (entity_embeddings): Embedding(250, 100)
  (relation_embeddings): Embedding(2, 100)
  (sentence_embeddings_train): Embedding(206, 2304)
  (sentence_embeddings_test): Embedding(195, 2304)
  (sentence_embeddings_valid): Embedding(11, 2304)
  (kg_classification_layer): Sequential(
    (0): Linear(in_features=300, out_features=2560, bias=True)
    (1): BatchNorm1d(2560, eps=1e-05, momentum=0.1, affine=True, track_running_stats=True)
    (2): ReLU()
    (3): Dropout(p=0.5, inplace=False)
    (4): Linear(in_features=2560, out_features=2560, bias=True)
  )
  (sentence_classification_layer): Sequential(
    (0): Linear(in_features=2304, out_features=2560, bias=True)
    (1): BatchNorm1d(2560, eps=1e-05, momentum=0.1, affine=True, track_running_stats=True)
    (2): ReLU()
    (3): Dropout(p=0.5, inplace=False)
    (4): Linear(in_features=2560, out_features=2560, bias=True)
  )
  (final_classification_layer): Sequential(
    (0): Linear(in_features=5120, out_features=2560, bias=True)
    (1): BatchNorm1d(2560, eps=1e-05, momentum=0.1, affine=True, track_running_stats=True)
    (2): ReLU()
    (3): Dropout(p=0.5, inplace=False)
    (4): Linear(in_features=2560, out_features=1, bias=True)
  )
)
2022-07-11 14:45:31,219 - text-KGE-Hybrid - INFO - Evaluation of Train data: TriplePrediction
2022-07-11 14:45:31,220 - text-KGE-Hybrid - INFO - Num of triples 206
2022-07-11 14:45:31,283 - text-KGE-Hybrid - INFO - 0.9951456310679612
2022-07-11 14:45:31,289 - text-KGE-Hybrid - INFO -               precision    recall  f1-score   support

           0       0.99      1.00      1.00       103
           1       1.00      0.99      1.00       103

    accuracy                           1.00       206
   macro avg       1.00      1.00      1.00       206
weighted avg       1.00      1.00      1.00       206

2022-07-11 14:45:31,289 - text-KGE-Hybrid - INFO - Evaluation of Test data: TriplePrediction
2022-07-11 14:45:31,290 - text-KGE-Hybrid - INFO - Num of triples 195
2022-07-11 14:45:31,328 - text-KGE-Hybrid - INFO - 0.5897435897435898
2022-07-11 14:45:31,333 - text-KGE-Hybrid - INFO -               precision    recall  f1-score   support

           0       0.59      0.60      0.60        98
           1       0.59      0.58      0.58        97

    accuracy                           0.59       195
   macro avg       0.59      0.59      0.59       195
weighted avg       0.59      0.59      0.59       195

2022-07-11 14:45:31,333 - text-KGE-Hybrid - INFO - --- Training is completed  ---
2022-07-11 14:45:31,333 - text-KGE-Hybrid - INFO - Store full model.
2022-07-11 14:45:31,509 - text-KGE-Hybrid - INFO - Stored data.
2022-07-11 14:45:31,509 - text-KGE-Hybrid - INFO - Total Runtime:3.209 minutes
